<?xml version="1.0" encoding="UTF-8"?>
<!-- Generated by org.testng.reporters.JUnitReportReporter -->
<testsuite hostname="DESKTOP-4VI7QOT" failures="0" tests="1" name="agoda.testRunner.TestRunner" time="9.376" errors="0" timestamp="31 Dec 2024 23:19:03 GMT" skipped="0">
  <testcase classname="agoda.testRunner.TestRunner" name="runScenario" time="9.376"/>
</testsuite> <!-- agoda.testRunner.TestRunner -->
