<?xml version="1.0" encoding="UTF-8"?>
<!-- Generated by org.testng.reporters.JUnitReportReporter -->
<testsuite hostname="DESKTOP-4VI7QOT" failures="0" tests="1" name="agoda.testRunner.TestRunner" time="12.437" errors="0" timestamp="01 Jan 2025 10:46:43 GMT" skipped="0">
  <testcase classname="agoda.testRunner.TestRunner" name="runScenario" time="12.437"/>
</testsuite> <!-- agoda.testRunner.TestRunner -->
