<?xml version="1.0" encoding="UTF-8"?>
<!-- Generated by org.testng.reporters.JUnitReportReporter -->
<testsuite hostname="DESKTOP-4VI7QOT" failures="0" tests="1" name="agoda.runner.TestRunner" time="19.269" errors="0" timestamp="01 Jan 2025 19:10:13 GMT" skipped="0">
  <testcase classname="agoda.runner.TestRunner" name="runScenario" time="19.269"/>
</testsuite> <!-- agoda.runner.TestRunner -->
